# JRE version: Java(TM) SE Runtime Environment 18.9 (11.0.8+10) (build 11.0.8+10-LTS)
# Java VM: Java HotSpot(TM) 64-Bit Server VM 18.9 (11.0.8+10-LTS, mixed mode, tiered, compressed oops, g1 gc, windows-amd64)
Heap:
 garbage-first heap   total 315392K, used 81277K [0x0000000700c00000, 0x0000000800000000)
  region size 1024K, 35 young (35840K), 3 survivors (3072K)
 Metaspace       used 36132K, capacity 36917K, committed 37072K, reserved 1083392K
  class space    used 3648K, capacity 3903K, committed 3968K, reserved 1048576K
GC Heap History (10 events):
Event: 0.973 GC heap before
{Heap before GC invocations=1 (full 0):
 garbage-first heap   total 262144K, used 57853K [0x0000000700c00000, 0x0000000800000000)
  region size 1024K, 57 young (58368K), 3 survivors (3072K)
 Metaspace       used 20834K, capacity 21152K, committed 21296K, reserved 1069056K
  class space    used 2224K, capacity 2353K, committed 2432K, reserved 1048576K
}
Event: 0.977 GC heap after
{Heap after GC invocations=2 (full 0):
 garbage-first heap   total 262144K, used 6284K [0x0000000700c00000, 0x0000000800000000)
  region size 1024K, 6 young (6144K), 6 survivors (6144K)
 Metaspace       used 20834K, capacity 21152K, committed 21296K, reserved 1069056K
  class space    used 2224K, capacity 2353K, committed 2432K, reserved 1048576K
}
Event: 1.720 GC heap before
{Heap before GC invocations=3 (full 0):
 garbage-first heap   total 262144K, used 71820K [0x0000000700c00000, 0x0000000800000000)
  region size 1024K, 70 young (71680K), 6 survivors (6144K)
 Metaspace       used 22349K, capacity 22840K, committed 23088K, reserved 1071104K
  class space    used 2292K, capacity 2422K, committed 2432K, reserved 1048576K
}
Event: 1.725 GC heap after
{Heap after GC invocations=4 (full 0):
 garbage-first heap   total 262144K, used 9126K [0x0000000700c00000, 0x0000000800000000)
  region size 1024K, 6 young (6144K), 6 survivors (6144K)
 Metaspace       used 22349K, capacity 22840K, committed 23088K, reserved 1071104K
  class space    used 2292K, capacity 2422K, committed 2432K, reserved 1048576K
}
Event: 2.690 GC heap before
{Heap before GC invocations=4 (full 0):
 garbage-first heap   total 262144K, used 105382K [0x0000000700c00000, 0x0000000800000000)
  region size 1024K, 97 young (99328K), 6 survivors (6144K)
 Metaspace       used 31046K, capacity 31659K, committed 31920K, reserved 1077248K
  class space    used 3267K, capacity 3494K, committed 3584K, reserved 1048576K
}
Event: 2.698 GC heap after
{Heap after GC invocations=5 (full 0):
 garbage-first heap   total 262144K, used 20074K [0x0000000700c00000, 0x0000000800000000)
  region size 1024K, 13 young (13312K), 13 survivors (13312K)
 Metaspace       used 31046K, capacity 31659K, committed 31920K, reserved 1077248K
  class space    used 3267K, capacity 3494K, committed 3584K, reserved 1048576K
}
Event: 3.578 GC heap before
{Heap before GC invocations=5 (full 0):
 garbage-first heap   total 262144K, used 168554K [0x0000000700c00000, 0x0000000800000000)
  region size 1024K, 153 young (156672K), 13 survivors (13312K)
 Metaspace       used 33780K, capacity 34515K, committed 34608K, reserved 1081344K
  class space    used 3450K, capacity 3686K, committed 3712K, reserved 1048576K
}
Event: 3.596 GC heap after
{Heap after GC invocations=6 (full 0):
 garbage-first heap   total 315392K, used 45734K [0x0000000700c00000, 0x0000000800000000)
  region size 1024K, 20 young (20480K), 20 survivors (20480K)
 Metaspace       used 33780K, capacity 34515K, committed 34608K, reserved 1081344K
  class space    used 3450K, capacity 3686K, committed 3712K, reserved 1048576K
}
Event: 3.757 GC heap before
{Heap before GC invocations=6 (full 0):
 garbage-first heap   total 315392K, used 58022K [0x0000000700c00000, 0x0000000800000000)
  region size 1024K, 33 young (33792K), 20 survivors (20480K)
 Metaspace       used 35092K, capacity 35855K, committed 35920K, reserved 1081344K
  class space    used 3583K, capacity 3837K, committed 3840K, reserved 1048576K
}
Event: 3.768 GC heap after
{Heap after GC invocations=7 (full 0):
 garbage-first heap   total 315392K, used 49533K [0x0000000700c00000, 0x0000000800000000)
  region size 1024K, 3 young (3072K), 3 survivors (3072K)
 Metaspace       used 35092K, capacity 35855K, committed 35920K, reserved 1081344K
  class space    used 3583K, capacity 3837K, committed 3840K, reserved 1048576K
}

